<?xml version="1.0" encoding="UTF-8"?>
<!-- Generated by org.testng.reporters.JUnitXMLReporter -->
<testsuite ignored="0" hostname="LAPTOP-G4TED986" failures="1" tests="3" name="Test" time="22.821" errors="0" timestamp="2024-05-24T13:27:06 IST">
  <testcase classname="testcases_CURA.TC_homepage" name="hp_button_verify" time="0.64"/>
  <testcase classname="testcases_CURA.TC_homepage" name="hp_verify" time="0.253">
    <failure type="java.lang.AssertionError" message="expected [CURA Healthcare Service1] but found [CURA Healthcare Service]">
      <![CDATA[java.lang.AssertionError: expected [CURA Healthcare Service1] but found [CURA Healthcare Service]
at testcases_CURA.TC_homepage.hp_verify(TC_homepage.java:38)
at java.base/java.util.ArrayList.forEach(ArrayList.java:1511)
... Removed 31 stack frames]]>
    </failure>
  </testcase> <!-- hp_verify -->
  <testcase classname="testcases_CURA.TC_LoginPage_CURA2" name="logintest" time="0.784"/>
</testsuite> <!-- Test -->
