<?xml version="1.0" encoding="UTF-8"?>
<!-- Generated by org.testng.reporters.JUnitXMLReporter -->
<testsuite ignored="0" hostname="LAPTOP-G4TED986" failures="1" tests="3" name="Test" time="20.278" errors="0" timestamp="2024-05-28T08:37:36 IST">
  <testcase classname="testcases_CURA.TC_homepage" name="hp_button_verify" time="0.647"/>
  <testcase classname="testcases_CURA.TC_homepage" name="hp_verify" time="0.183">
    <failure type="java.lang.AssertionError" message="expected [We Care About Your Health-9999999] but found [We Care About Your Health]">
      <![CDATA[java.lang.AssertionError: expected [We Care About Your Health-9999999] but found [We Care About Your Health]
at testcases_CURA.TC_homepage.hp_verify(TC_homepage.java:39)
at java.base/java.util.ArrayList.forEach(ArrayList.java:1511)
... Removed 31 stack frames]]>
    </failure>
  </testcase> <!-- hp_verify -->
  <testcase classname="testcases_CURA.TC_LoginPage_CURA2" name="logintest" time="0.95"/>
</testsuite> <!-- Test -->
