<?xml version="1.0" encoding="UTF-8"?>
<testng-results ignored="0" total="1" passed="1" failed="0" skipped="0">
  <reporter-output>
  </reporter-output>
  <suite started-at="2024-05-24T15:39:52 IST" name="Default suite" finished-at="2024-05-24T15:39:59 IST" duration-ms="7967">
    <groups>
    </groups>
    <test started-at="2024-05-24T15:39:52 IST" name="Default test" finished-at="2024-05-24T15:39:59 IST" duration-ms="7967">
      <class name="testcases_CURA.TC_LoginPage_CURA2">
        <test-method is-config="true" signature="setup()[pri:0, instance:testcases_CURA.TC_LoginPage_CURA2@3e14c16d]" started-at="2024-05-24T15:39:52 IST" name="setup" finished-at="2024-05-24T15:39:58 IST" duration-ms="6833" status="PASS">
          <reporter-output>
          </reporter-output>
        </test-method> <!-- setup -->
        <test-method signature="logintest()[pri:0, instance:testcases_CURA.TC_LoginPage_CURA2@3e14c16d]" started-at="2024-05-24T15:39:58 IST" name="logintest" finished-at="2024-05-24T15:39:59 IST" duration-ms="957" status="PASS">
          <reporter-output>
          </reporter-output>
        </test-method> <!-- logintest -->
        <test-method is-config="true" signature="close()[pri:0, instance:testcases_CURA.TC_LoginPage_CURA2@3e14c16d]" started-at="2024-05-24T15:39:59 IST" name="close" finished-at="2024-05-24T15:39:59 IST" duration-ms="147" status="PASS">
          <reporter-output>
          </reporter-output>
        </test-method> <!-- close -->
      </class> <!-- testcases_CURA.TC_LoginPage_CURA2 -->
    </test> <!-- Default test -->
  </suite> <!-- Default suite -->
</testng-results>
